2019-05-20 10:01:15 [scrapy.utils.log] INFO: Scrapy 1.6.0 started (bot: one)
2019-05-20 10:01:15 [scrapy.utils.log] INFO: Versions: lxml 4.3.3.0, libxml2 2.9.5, cssselect 1.0.3, parsel 1.5.1, w3lib 1.20.0, Twisted 18.9.0, Python 3.7.2 (tags/v3.7.2:9a3ffc0492, Dec 23 2018, 23:09:28) [MSC v.1916 64 bit (AMD64)], pyOpenSSL 19.0.0 (OpenSSL 1.1.1b  26 Feb 2019), cryptography 2.6.1, Platform Windows-10-10.0.17134-SP0
2019-05-20 10:01:15 [scrapy.crawler] INFO: Overridden settings: {'BOT_NAME': 'one', 'LOG_FILE': 'logs\\one\\itcast\\246ac0387aa311e9a28e8c16457e6795.log', 'NEWSPIDER_MODULE': 'one.spiders', 'SPIDER_MODULES': ['one.spiders']}
2019-05-20 10:01:15 [scrapy.extensions.telnet] INFO: Telnet Password: 2c7ac05906ba6fb6
2019-05-20 10:01:15 [scrapy.middleware] INFO: Enabled extensions:
['scrapy.extensions.corestats.CoreStats',
 'scrapy.extensions.telnet.TelnetConsole',
 'scrapy.extensions.logstats.LogStats']
2019-05-20 10:01:15 [scrapy.middleware] INFO: Enabled downloader middlewares:
['scrapy.downloadermiddlewares.httpauth.HttpAuthMiddleware',
 'scrapy.downloadermiddlewares.downloadtimeout.DownloadTimeoutMiddleware',
 'scrapy.downloadermiddlewares.defaultheaders.DefaultHeadersMiddleware',
 'scrapy.downloadermiddlewares.useragent.UserAgentMiddleware',
 'scrapy.downloadermiddlewares.retry.RetryMiddleware',
 'scrapy.downloadermiddlewares.redirect.MetaRefreshMiddleware',
 'scrapy.downloadermiddlewares.httpcompression.HttpCompressionMiddleware',
 'scrapy.downloadermiddlewares.redirect.RedirectMiddleware',
 'scrapy.downloadermiddlewares.cookies.CookiesMiddleware',
 'scrapy.downloadermiddlewares.httpproxy.HttpProxyMiddleware',
 'scrapy.downloadermiddlewares.stats.DownloaderStats']
2019-05-20 10:01:15 [scrapy.middleware] INFO: Enabled spider middlewares:
['scrapy.spidermiddlewares.httperror.HttpErrorMiddleware',
 'scrapy.spidermiddlewares.offsite.OffsiteMiddleware',
 'scrapy.spidermiddlewares.referer.RefererMiddleware',
 'scrapy.spidermiddlewares.urllength.UrlLengthMiddleware',
 'scrapy.spidermiddlewares.depth.DepthMiddleware']
2019-05-20 10:01:15 [scrapy.middleware] INFO: Enabled item pipelines:
['one.pipelines.OnePipeline']
2019-05-20 10:01:15 [scrapy.core.engine] INFO: Spider opened
2019-05-20 10:01:15 [scrapy.extensions.logstats] INFO: Crawled 0 pages (at 0 pages/min), scraped 0 items (at 0 items/min)
2019-05-20 10:01:15 [scrapy.extensions.telnet] INFO: Telnet console listening on 127.0.0.1:6023
2019-05-20 10:01:17 [scrapy.core.engine] DEBUG: Crawled (200) <GET https://www.zhangxinxu.com/wordpress/> (referer: None)
2019-05-20 10:01:17 [scrapy.core.scraper] ERROR: Spider error processing <GET https://www.zhangxinxu.com/wordpress/> (referer: None)
Traceback (most recent call last):
  File "d:\python3\lib\site-packages\parsel\selector.py", line 238, in xpath
    **kwargs)
  File "src\lxml\etree.pyx", line 1586, in lxml.etree._Element.xpath
  File "src\lxml\xpath.pxi", line 307, in lxml.etree.XPathElementEvaluator.__call__
  File "src\lxml\xpath.pxi", line 227, in lxml.etree._XPathEvaluatorBase._handle_result
lxml.etree.XPathEvalError: Invalid expression

During handling of the above exception, another exception occurred:

Traceback (most recent call last):
  File "d:\python3\lib\site-packages\scrapy\utils\defer.py", line 102, in iter_errback
    yield next(it)
  File "d:\python3\lib\site-packages\scrapy\spidermiddlewares\offsite.py", line 29, in process_spider_output
    for x in result:
  File "d:\python3\lib\site-packages\scrapy\spidermiddlewares\referer.py", line 339, in <genexpr>
    return (_set_referer(r) for r in result or ())
  File "d:\python3\lib\site-packages\scrapy\spidermiddlewares\urllength.py", line 37, in <genexpr>
    return (r for r in result or () if _filter(r))
  File "d:\python3\lib\site-packages\scrapy\spidermiddlewares\depth.py", line 58, in <genexpr>
    return (r for r in result or () if _filter(r))
  File "c:\users\向寒°\appdata\local\temp\one-1558316196-h9g_8tww.egg\one\spiders\itcast.py", line 20, in parse
    listContent=response.xpath("//div[@id='content']/div/div++++++ [@role='summary']")
  File "d:\python3\lib\site-packages\scrapy\http\response\text.py", line 119, in xpath
    return self.selector.xpath(query, **kwargs)
  File "d:\python3\lib\site-packages\parsel\selector.py", line 242, in xpath
    six.reraise(ValueError, ValueError(msg), sys.exc_info()[2])
  File "d:\python3\lib\site-packages\six.py", line 692, in reraise
    raise value.with_traceback(tb)
  File "d:\python3\lib\site-packages\parsel\selector.py", line 238, in xpath
    **kwargs)
  File "src\lxml\etree.pyx", line 1586, in lxml.etree._Element.xpath
  File "src\lxml\xpath.pxi", line 307, in lxml.etree.XPathElementEvaluator.__call__
  File "src\lxml\xpath.pxi", line 227, in lxml.etree._XPathEvaluatorBase._handle_result
ValueError: XPath error: Invalid expression in //div[@id='content']/div/div++++++ [@role='summary']
2019-05-20 10:01:17 [scrapy.core.engine] INFO: Closing spider (finished)
2019-05-20 10:01:17 [scrapy.statscollectors] INFO: Dumping Scrapy stats:
{'downloader/request_bytes': 227,
 'downloader/request_count': 1,
 'downloader/request_method_count/GET': 1,
 'downloader/response_bytes': 14810,
 'downloader/response_count': 1,
 'downloader/response_status_count/200': 1,
 'finish_reason': 'finished',
 'finish_time': datetime.datetime(2019, 5, 20, 2, 1, 17, 290727),
 'log_count/DEBUG': 1,
 'log_count/ERROR': 1,
 'log_count/INFO': 9,
 'response_received_count': 1,
 'scheduler/dequeued': 1,
 'scheduler/dequeued/memory': 1,
 'scheduler/enqueued': 1,
 'scheduler/enqueued/memory': 1,
 'spider_exceptions/ValueError': 1,
 'start_time': datetime.datetime(2019, 5, 20, 2, 1, 15, 435174)}
2019-05-20 10:01:17 [scrapy.core.engine] INFO: Spider closed (finished)
